<?xml version="1.0" encoding="UTF-8"?>
<testsuite name="JUnit Jupiter" tests="0" skipped="0" failures="0" errors="0" time="0.006" hostname="gentoo-pabe2.infinera.com" timestamp="2017-11-21T11:20:03">
<properties>
<property name="awt.toolkit" value="sun.awt.X11.XToolkit"/>
<property name="file.encoding" value="UTF-8"/>
<property name="file.encoding.pkg" value="sun.io"/>
<property name="file.separator" value="/"/>
<property name="java.awt.graphicsenv" value="sun.awt.X11GraphicsEnvironment"/>
<property name="java.awt.printerjob" value="sun.print.PSPrinterJob"/>
<property name="java.class.path" value="/usr/local/src/dnam-functional-acceptance-tests/2-app-driver-layer/build/classes/java/test:/usr/local/src/dnam-functional-acceptance-tests/2-app-driver-layer/build/resources/test:/usr/local/src/dnam-functional-acceptance-tests/2-app-driver-layer/build/classes/java/main:/usr/local/src/dnam-functional-acceptance-tests/2-app-driver-layer/build/resources/main:/home/qpabe/.gradle/caches/modules-2/files-2.1/ch.qos.logback/logback-classic/1.2.3/7c4f3c474fb2c041d8028740440937705ebb473a/logback-classic-1.2.3.jar:/home/qpabe/.gradle/caches/modules-2/files-2.1/org.slf4j/slf4j-api/1.7.25/da76ca59f6a57ee3102f8f9bd9cee742973efa8a/slf4j-api-1.7.25.jar:/home/qpabe/.gradle/caches/modules-2/files-2.1/org.projectlombok/lombok/1.16.18/557d13dcb647038dc687390711ccb5c9b3ffbd60/lombok-1.16.18.jar:/home/qpabe/.gradle/caches/modules-2/files-2.1/org.junit.jupiter/junit-jupiter-engine/5.0.2/e57de973ac81662ec2b9b225df6c882a641fabe6/junit-jupiter-engine-5.0.2.jar:/home/qpabe/.gradle/caches/modules-2/files-2.1/org.junit.jupiter/junit-jupiter-api/5.0.2/4024737a023e98dc6c9cbbd89fe0dd83975df65/junit-jupiter-api-5.0.2.jar:/home/qpabe/.gradle/caches/modules-2/files-2.1/org.junit.platform/junit-platform-runner/1.0.2/330e92ff9f207ced68db099429ef8c6a0d0fbac1/junit-platform-runner-1.0.2.jar:/home/qpabe/.gradle/caches/modules-2/files-2.1/org.junit.platform/junit-platform-suite-api/1.0.2/b91a9bea6dc6f89ca802522c11601e143efdcd08/junit-platform-suite-api-1.0.2.jar:/home/qpabe/.gradle/caches/modules-2/files-2.1/org.junit.platform/junit-platform-console-standalone/1.0.2/313115e93bf2db45098cd65e63ac8ba81b28236a/junit-platform-console-standalone-1.0.2.jar:/home/qpabe/.gradle/caches/modules-2/files-2.1/ch.qos.logback/logback-core/1.2.3/864344400c3d4d92dfeb0a305dc87d953677c03c/logback-core-1.2.3.jar:/home/qpabe/.gradle/caches/modules-2/files-2.1/org.junit.platform/junit-platform-launcher/1.0.2/7cd136827fbfe3e6301b95f0340d654ad54feaa4/junit-platform-launcher-1.0.2.jar:/home/qpabe/.gradle/caches/modules-2/files-2.1/org.junit.platform/junit-platform-engine/1.0.2/ae5d9b8c44d78da636e4e1e00a907fe0fb7bcb8f/junit-platform-engine-1.0.2.jar:/home/qpabe/.gradle/caches/modules-2/files-2.1/org.opentest4j/opentest4j/1.0.0/6f09c598e9ff64bf0ce2fa7e7de49a99ba83c0b4/opentest4j-1.0.0.jar:/home/qpabe/.gradle/caches/modules-2/files-2.1/org.junit.platform/junit-platform-commons/1.0.2/e348a3a67940694f0718d04f9b0784b3dfb7819b/junit-platform-commons-1.0.2.jar:/home/qpabe/.gradle/caches/modules-2/files-2.1/junit/junit/4.12/2973d150c0dc1fefe998f834810d68f278ea58ec/junit-4.12.jar:/home/qpabe/.gradle/caches/modules-2/files-2.1/org.hamcrest/hamcrest-core/1.3/42a25dc3219429f0e5d060061f71acb49bf010a0/hamcrest-core-1.3.jar:/home/qpabe/.gradle/caches/modules-2/files-2.1/org.junit.platform/junit-platform-console/1.0.2/2bf2cd18040bfe229bad813c7ab150a0f7ea8153/junit-platform-console-1.0.2.jar"/>
<property name="java.class.version" value="52.0"/>
<property name="java.endorsed.dirs" value="/opt/oracle-jdk-bin-1.8.0.152/jre/lib/endorsed"/>
<property name="java.ext.dirs" value="/opt/oracle-jdk-bin-1.8.0.152/jre/lib/ext:/usr/java/packages/lib/ext"/>
<property name="java.home" value="/opt/oracle-jdk-bin-1.8.0.152/jre"/>
<property name="java.io.tmpdir" value="/tmp"/>
<property name="java.library.path" value="/usr/local/src/opt/idea/bin::/usr/java/packages/lib/amd64:/usr/lib64:/lib64:/lib:/usr/lib"/>
<property name="java.runtime.name" value="Java(TM) SE Runtime Environment"/>
<property name="java.runtime.version" value="1.8.0_152-b16"/>
<property name="java.specification.name" value="Java Platform API Specification"/>
<property name="java.specification.vendor" value="Oracle Corporation"/>
<property name="java.specification.version" value="1.8"/>
<property name="java.vendor" value="Oracle Corporation"/>
<property name="java.vendor.url" value="http://java.oracle.com/"/>
<property name="java.vendor.url.bug" value="http://bugreport.sun.com/bugreport/"/>
<property name="java.version" value="1.8.0_152"/>
<property name="java.vm.info" value="mixed mode"/>
<property name="java.vm.name" value="Java HotSpot(TM) 64-Bit Server VM"/>
<property name="java.vm.specification.name" value="Java Virtual Machine Specification"/>
<property name="java.vm.specification.vendor" value="Oracle Corporation"/>
<property name="java.vm.specification.version" value="1.8"/>
<property name="java.vm.vendor" value="Oracle Corporation"/>
<property name="java.vm.version" value="25.152-b16"/>
<property name="line.separator" value="
"/>
<property name="os.arch" value="amd64"/>
<property name="os.name" value="Linux"/>
<property name="os.version" value="4.9.63"/>
<property name="path.separator" value=":"/>
<property name="sun.arch.data.model" value="64"/>
<property name="sun.boot.class.path" value="/opt/oracle-jdk-bin-1.8.0.152/jre/lib/resources.jar:/opt/oracle-jdk-bin-1.8.0.152/jre/lib/rt.jar:/opt/oracle-jdk-bin-1.8.0.152/jre/lib/sunrsasign.jar:/opt/oracle-jdk-bin-1.8.0.152/jre/lib/jsse.jar:/opt/oracle-jdk-bin-1.8.0.152/jre/lib/jce.jar:/opt/oracle-jdk-bin-1.8.0.152/jre/lib/charsets.jar:/opt/oracle-jdk-bin-1.8.0.152/jre/lib/jfr.jar:/opt/oracle-jdk-bin-1.8.0.152/jre/classes"/>
<property name="sun.boot.library.path" value="/opt/oracle-jdk-bin-1.8.0.152/jre/lib/amd64"/>
<property name="sun.cpu.endian" value="little"/>
<property name="sun.cpu.isalist" value=""/>
<property name="sun.io.unicode.encoding" value="UnicodeLittle"/>
<property name="sun.java.command" value="org.junit.platform.console.ConsoleLauncher --details NONE --scan-class-path /usr/local/src/dnam-functional-acceptance-tests/2-app-driver-layer/build/classes/java/main:/usr/local/src/dnam-functional-acceptance-tests/2-app-driver-layer/build/resources/main:/usr/local/src/dnam-functional-acceptance-tests/2-app-driver-layer/build/classes/java/test:/usr/local/src/dnam-functional-acceptance-tests/2-app-driver-layer/build/resources/test -n ^.*Tests?$ --reports-dir /usr/local/src/dnam-functional-acceptance-tests/2-app-driver-layer/build/test-results/junit-platform"/>
<property name="sun.java.launcher" value="SUN_STANDARD"/>
<property name="sun.jnu.encoding" value="UTF-8"/>
<property name="sun.management.compiler" value="HotSpot 64-Bit Tiered Compilers"/>
<property name="sun.os.patch.level" value="unknown"/>
<property name="user.country" value="GB"/>
<property name="user.dir" value="/usr/local/src/dnam-functional-acceptance-tests/2-app-driver-layer"/>
<property name="user.home" value="/home/qpabe"/>
<property name="user.language" value="en"/>
<property name="user.name" value="pabe"/>
<property name="user.timezone" value="Europe/Stockholm"/>
<property name="user.variant" value=""/>
</properties>
<system-out><![CDATA[
unique-id: [engine:junit-jupiter]
display-name: JUnit Jupiter
]]></system-out>
</testsuite>
