<?xml version="1.0" encoding="UTF-8"?>
<testsuite name="JUnit Jupiter" tests="0" skipped="0" failures="0" errors="0" time="0.005" hostname="gentoo-pabe2.infinera.com" timestamp="2017-12-04T15:40:56">
<properties>
<property name="awt.toolkit" value="sun.awt.X11.XToolkit"/>
<property name="file.encoding" value="UTF-8"/>
<property name="file.encoding.pkg" value="sun.io"/>
<property name="file.separator" value="/"/>
<property name="java.awt.graphicsenv" value="sun.awt.X11GraphicsEnvironment"/>
<property name="java.awt.printerjob" value="sun.print.PSPrinterJob"/>
<property name="java.class.path" value="/usr/local/src/dnam-functional-acceptance-tests/common/build/classes/java/test:/usr/local/src/dnam-functional-acceptance-tests/common/build/resources/test:/usr/local/src/dnam-functional-acceptance-tests/common/build/classes/java/main:/usr/local/src/dnam-functional-acceptance-tests/common/build/resources/main:/usr/local/src/toolbox/build/libs/toolbox-1.0.jar:/home/qpabe/.gradle/caches/modules-2/files-2.1/ch.qos.logback/logback-classic/1.2.3/7c4f3c474fb2c041d8028740440937705ebb473a/logback-classic-1.2.3.jar:/home/qpabe/.gradle/caches/modules-2/files-2.1/com.palantir.docker.compose/docker-compose-rule-junit4/0.33.0/2ced03ddb76083546c11fa9a67401bdfa904004d/docker-compose-rule-junit4-0.33.0.jar:/home/qpabe/.gradle/caches/modules-2/files-2.1/com.spotify/docker-client/8.9.2/6efb1cec11dd0c406241f7a1c5d98e8ea991a167/docker-client-8.9.2.jar:/home/qpabe/.gradle/caches/modules-2/files-2.1/com.palantir.docker.compose/docker-compose-rule-core/0.33.0/7b1ef50689eeb6ed335ff2b51633ee6f1d6f0674/docker-compose-rule-core-0.33.0.jar:/home/qpabe/.gradle/caches/modules-2/files-2.1/org.slf4j/slf4j-api/1.7.25/da76ca59f6a57ee3102f8f9bd9cee742973efa8a/slf4j-api-1.7.25.jar:/home/qpabe/.gradle/caches/modules-2/files-2.1/org.projectlombok/lombok/1.16.18/557d13dcb647038dc687390711ccb5c9b3ffbd60/lombok-1.16.18.jar:/home/qpabe/.gradle/caches/modules-2/files-2.1/org.junit.jupiter/junit-jupiter-engine/5.0.2/e57de973ac81662ec2b9b225df6c882a641fabe6/junit-jupiter-engine-5.0.2.jar:/home/qpabe/.gradle/caches/modules-2/files-2.1/org.junit.jupiter/junit-jupiter-api/5.0.2/4024737a023e98dc6c9cbbd89fe0dd83975df65/junit-jupiter-api-5.0.2.jar:/home/qpabe/.gradle/caches/modules-2/files-2.1/org.junit.platform/junit-platform-runner/1.0.2/330e92ff9f207ced68db099429ef8c6a0d0fbac1/junit-platform-runner-1.0.2.jar:/home/qpabe/.gradle/caches/modules-2/files-2.1/org.junit.platform/junit-platform-suite-api/1.0.2/b91a9bea6dc6f89ca802522c11601e143efdcd08/junit-platform-suite-api-1.0.2.jar:/home/qpabe/.gradle/caches/modules-2/files-2.1/com.github.rholder/guava-retrying/2.0.0/974bc0a04a11cc4806f7c20a34703bd23c34e7f4/guava-retrying-2.0.0.jar:/home/qpabe/.gradle/caches/modules-2/files-2.1/org.junit.platform/junit-platform-console-standalone/1.0.2/313115e93bf2db45098cd65e63ac8ba81b28236a/junit-platform-console-standalone-1.0.2.jar:/home/qpabe/.gradle/caches/modules-2/files-2.1/ch.qos.logback/logback-core/1.2.3/864344400c3d4d92dfeb0a305dc87d953677c03c/logback-core-1.2.3.jar:/home/qpabe/.gradle/caches/modules-2/files-2.1/com.fasterxml.jackson.datatype/jackson-datatype-guava/2.8.8/634c0ae9a100cd381bc1682796452418964e1408/jackson-datatype-guava-2.8.8.jar:/home/qpabe/.gradle/caches/modules-2/files-2.1/com.google.guava/guava/23.5-jre/e9ce4989adf6092a3dab6152860e93d989e8cf88/guava-23.5-jre.jar:/home/qpabe/.gradle/caches/modules-2/files-2.1/joda-time/joda-time/2.9.1/c261495d1e01df849cdb3cbc941564018f0d3539/joda-time-2.9.1.jar:/home/qpabe/.gradle/caches/modules-2/files-2.1/junit/junit/4.12/2973d150c0dc1fefe998f834810d68f278ea58ec/junit-4.12.jar:/home/qpabe/.gradle/caches/modules-2/files-2.1/org.junit.platform/junit-platform-launcher/1.0.2/7cd136827fbfe3e6301b95f0340d654ad54feaa4/junit-platform-launcher-1.0.2.jar:/home/qpabe/.gradle/caches/modules-2/files-2.1/org.junit.platform/junit-platform-engine/1.0.2/ae5d9b8c44d78da636e4e1e00a907fe0fb7bcb8f/junit-platform-engine-1.0.2.jar:/home/qpabe/.gradle/caches/modules-2/files-2.1/org.opentest4j/opentest4j/1.0.0/6f09c598e9ff64bf0ce2fa7e7de49a99ba83c0b4/opentest4j-1.0.0.jar:/home/qpabe/.gradle/caches/modules-2/files-2.1/org.junit.platform/junit-platform-commons/1.0.2/e348a3a67940694f0718d04f9b0784b3dfb7819b/junit-platform-commons-1.0.2.jar:/home/qpabe/.gradle/caches/modules-2/files-2.1/com.google.code.findbugs/jsr305/2.0.2/516c03b21d50a644d538de0f0369c620989cd8f0/jsr305-2.0.2.jar:/home/qpabe/.gradle/caches/modules-2/files-2.1/org.glassfish.jersey.media/jersey-media-json-jackson/2.22.2/9c17b5f890a38d410c838d05918b5a027346a45f/jersey-media-json-jackson-2.22.2.jar:/home/qpabe/.gradle/caches/modules-2/files-2.1/com.fasterxml.jackson.jaxrs/jackson-jaxrs-json-provider/2.8.8/e70be1cd2ad47615a527f7475f63acadbf3be730/jackson-jaxrs-json-provider-2.8.8.jar:/home/qpabe/.gradle/caches/modules-2/files-2.1/com.fasterxml.jackson.jaxrs/jackson-jaxrs-base/2.8.8/345a87f3c145912163964ded45803ebf0a9c775e/jackson-jaxrs-base-2.8.8.jar:/home/qpabe/.gradle/caches/modules-2/files-2.1/com.fasterxml.jackson.module/jackson-module-jaxb-annotations/2.8.8/e2e95efc46d45be4b429b704efbb1d4b89721d3a/jackson-module-jaxb-annotations-2.8.8.jar:/home/qpabe/.gradle/caches/modules-2/files-2.1/com.fasterxml.jackson.core/jackson-databind/2.8.8/bf88c7b27e95cbadce4e7c316a56c3efffda8026/jackson-databind-2.8.8.jar:/home/qpabe/.gradle/caches/modules-2/files-2.1/org.glassfish.jersey.connectors/jersey-apache-connector/2.22.2/d00a838da6d355d3ddb978bf7a70c6a7f6bd688b/jersey-apache-connector-2.22.2.jar:/home/qpabe/.gradle/caches/modules-2/files-2.1/org.glassfish.jersey.core/jersey-client/2.22.2/1712fff037ce5a59e3d67f90fff29222989799ee/jersey-client-2.22.2.jar:/home/qpabe/.gradle/caches/modules-2/files-2.1/org.apache.commons/commons-compress/1.9/cc18955ff1e36d5abd39a14bfe82b19154330a34/commons-compress-1.9.jar:/home/qpabe/.gradle/caches/modules-2/files-2.1/commons-io/commons-io/2.5/2852e6e05fbb95076fc091f6d1780f1f8fe35e0f/commons-io-2.5.jar:/home/qpabe/.gradle/caches/modules-2/files-2.1/org.apache.httpcomponents/httpclient/4.5/a1e6cbb3cc2c5f210dd1310ff9fcb2c09c0d1438/httpclient-4.5.jar:/home/qpabe/.gradle/caches/modules-2/files-2.1/org.apache.httpcomponents/httpcore/4.4.5/e7501a1b34325abb00d17dde96150604a0658b54/httpcore-4.4.5.jar:/home/qpabe/.gradle/caches/modules-2/files-2.1/com.github.jnr/jnr-unixsocket/0.18/d79a27db9eea25e2025d5278b66ad589b75a8263/jnr-unixsocket-0.18.jar:/home/qpabe/.gradle/caches/modules-2/files-2.1/commons-lang/commons-lang/2.6/ce1edb914c94ebc388f086c6827e8bdeec71ac2/commons-lang-2.6.jar:/home/qpabe/.gradle/caches/modules-2/files-2.1/org.bouncycastle/bcpkix-jdk15on/1.52/b8ffac2bbc6626f86909589c8cc63637cc936504/bcpkix-jdk15on-1.52.jar:/home/qpabe/.gradle/caches/modules-2/files-2.1/com.jayway.awaitility/awaitility/1.6.5/f247cba96af2f75adea3707eb4615281bfdc7137/awaitility-1.6.5.jar:/home/qpabe/.gradle/caches/modules-2/files-2.1/org.hamcrest/hamcrest-library/1.3/4785a3c21320980282f9f33d0d1264a69040538f/hamcrest-library-1.3.jar:/home/qpabe/.gradle/caches/modules-2/files-2.1/org.hamcrest/hamcrest-core/1.3/42a25dc3219429f0e5d060061f71acb49bf010a0/hamcrest-core-1.3.jar:/home/qpabe/.gradle/caches/modules-2/files-2.1/com.github.zafarkhaja/java-semver/0.9.0/59a83ca73c72a5e25b3f0b1bb305230a11000329/java-semver-0.9.0.jar:/home/qpabe/.gradle/caches/modules-2/files-2.1/org.apache.commons/commons-lang3/3.0/8873bd0bb5cb9ee37f1b04578eb7e26fcdd44cb0/commons-lang3-3.0.jar:/home/qpabe/.gradle/caches/modules-2/files-2.1/org.hamcrest/hamcrest-all/1.3/63a21ebc981131004ad02e0434e799fd7f3a8d5a/hamcrest-all-1.3.jar:/home/qpabe/.gradle/caches/modules-2/files-2.1/com.fasterxml.jackson.core/jackson-core/2.8.8/d478fb6de45a7c3d2cad07c8ad70c7f0a797a020/jackson-core-2.8.8.jar:/home/qpabe/.gradle/caches/modules-2/files-2.1/com.fasterxml.jackson.core/jackson-annotations/2.8.0/45b426f7796b741035581a176744d91090e2e6fb/jackson-annotations-2.8.0.jar:/home/qpabe/.gradle/caches/modules-2/files-2.1/org.glassfish.jersey.core/jersey-common/2.22.2/1209b89878b60ce7d49afadeff7522d2fde0e217/jersey-common-2.22.2.jar:/home/qpabe/.gradle/caches/modules-2/files-2.1/org.glassfish.jersey.ext/jersey-entity-filtering/2.22.2/f43019bcf3d791f188b15fe4f0a225a7cca28e11/jersey-entity-filtering-2.22.2.jar:/home/qpabe/.gradle/caches/modules-2/files-2.1/javax.ws.rs/javax.ws.rs-api/2.0.1/104e9c2b5583cfcfeac0402316221648d6d8ea6b/javax.ws.rs-api-2.0.1.jar:/home/qpabe/.gradle/caches/modules-2/files-2.1/org.glassfish.hk2/hk2-locator/2.4.0-b34/1451fc3e5b7f00d7a5ca0feaff2c1bf68be5ac91/hk2-locator-2.4.0-b34.jar:/home/qpabe/.gradle/caches/modules-2/files-2.1/org.glassfish.hk2/hk2-api/2.4.0-b34/1017432e219dbd1d4a1121b2d7e87c5b2f0bcfb9/hk2-api-2.4.0-b34.jar:/home/qpabe/.gradle/caches/modules-2/files-2.1/org.glassfish.hk2.external/javax.inject/2.4.0-b34/a6a3d4935af7b03e44126b5aac2c2a0ce98fe6e9/javax.inject-2.4.0-b34.jar:/home/qpabe/.gradle/caches/modules-2/files-2.1/commons-logging/commons-logging/1.2/4bfc12adfe4842bf07b657f0369c4cb522955686/commons-logging-1.2.jar:/home/qpabe/.gradle/caches/modules-2/files-2.1/commons-codec/commons-codec/1.9/9ce04e34240f674bc72680f8b843b1457383161a/commons-codec-1.9.jar:/home/qpabe/.gradle/caches/modules-2/files-2.1/com.github.jnr/jnr-enxio/0.16/ae38d71e2c224e3ea0f9528ed026c4e5a9f2b851/jnr-enxio-0.16.jar:/home/qpabe/.gradle/caches/modules-2/files-2.1/com.github.jnr/jnr-posix/3.0.35/ffba08928bec368c494180c1573a10f1f57cd031/jnr-posix-3.0.35.jar:/home/qpabe/.gradle/caches/modules-2/files-2.1/com.github.jnr/jnr-ffi/2.1.4/a63bbd4af5cee55d820ef40dc5347d45765b788/jnr-ffi-2.1.4.jar:/home/qpabe/.gradle/caches/modules-2/files-2.1/com.github.jnr/jnr-constants/0.9.8/478036404879bd582be79e9a7939f3a161601c8b/jnr-constants-0.9.8.jar:/home/qpabe/.gradle/caches/modules-2/files-2.1/org.bouncycastle/bcprov-jdk15on/1.52/88a941faf9819d371e3174b5ed56a3f3f7d73269/bcprov-jdk15on-1.52.jar:/home/qpabe/.gradle/caches/modules-2/files-2.1/cglib/cglib-nodep/3.1/aa83efbd1aedc4f26bdf00e7ea78191483f2c9b3/cglib-nodep-3.1.jar:/home/qpabe/.gradle/caches/modules-2/files-2.1/org.objenesis/objenesis/2.1/87c0ea803b69252868d09308b4618f766f135a96/objenesis-2.1.jar:/home/qpabe/.gradle/caches/modules-2/files-2.1/javax.annotation/javax.annotation-api/1.2/479c1e06db31c432330183f5cae684163f186146/javax.annotation-api-1.2.jar:/home/qpabe/.gradle/caches/modules-2/files-2.1/org.glassfish.jersey.bundles.repackaged/jersey-guava/2.22.2/7422c693c89640c9685dfa99dbef2da745aa4617/jersey-guava-2.22.2.jar:/home/qpabe/.gradle/caches/modules-2/files-2.1/org.glassfish.hk2/osgi-resource-locator/1.0.1/4ed2b2d4738aed5786cfa64cba5a332779c4c708/osgi-resource-locator-1.0.1.jar:/home/qpabe/.gradle/caches/modules-2/files-2.1/org.glassfish.hk2/hk2-utils/2.4.0-b34/aacce18411fffef9621d8fc91464ca0477119c38/hk2-utils-2.4.0-b34.jar:/home/qpabe/.gradle/caches/modules-2/files-2.1/org.glassfish.hk2.external/aopalliance-repackaged/2.4.0-b34/3d5e856dbc91a3a2b0bcb3a3424f8b62421ae4cf/aopalliance-repackaged-2.4.0-b34.jar:/home/qpabe/.gradle/caches/modules-2/files-2.1/org.javassist/javassist/3.18.1-GA/d9a09f7732226af26bf99f19e2cffe0ae219db5b/javassist-3.18.1-GA.jar:/home/qpabe/.gradle/caches/modules-2/files-2.1/com.github.jnr/jffi/1.2.15/f480f0234dd8f053da2421e60574cfbd9d85e1f5/jffi-1.2.15.jar:/home/qpabe/.gradle/caches/modules-2/files-2.1/com.github.jnr/jffi/1.2.15/53f344e9e60e16f648dc66ce7cb8b1e7499b2a9/jffi-1.2.15-native.jar:/home/qpabe/.gradle/caches/modules-2/files-2.1/org.ow2.asm/asm-commons/5.0.3/a7111830132c7f87d08fe48cb0ca07630f8cb91c/asm-commons-5.0.3.jar:/home/qpabe/.gradle/caches/modules-2/files-2.1/org.ow2.asm/asm-analysis/5.0.3/c7126aded0e8e13fed5f913559a0dd7b770a10f3/asm-analysis-5.0.3.jar:/home/qpabe/.gradle/caches/modules-2/files-2.1/org.ow2.asm/asm-util/5.0.3/1512e5571325854b05fb1efce1db75fcced54389/asm-util-5.0.3.jar:/home/qpabe/.gradle/caches/modules-2/files-2.1/org.ow2.asm/asm-tree/5.0.3/287749b48ba7162fb67c93a026d690b29f410bed/asm-tree-5.0.3.jar:/home/qpabe/.gradle/caches/modules-2/files-2.1/org.ow2.asm/asm/5.0.3/dcc2193db20e19e1feca8b1240dbbc4e190824fa/asm-5.0.3.jar:/home/qpabe/.gradle/caches/modules-2/files-2.1/com.github.jnr/jnr-x86asm/1.0.2/6936bbd6c5b235665d87bd450f5e13b52d4b48/jnr-x86asm-1.0.2.jar:/home/qpabe/.gradle/caches/modules-2/files-2.1/javax.inject/javax.inject/1/6975da39a7040257bd51d21a231b76c915872d38/javax.inject-1.jar:/home/qpabe/.gradle/caches/modules-2/files-2.1/org.checkerframework/checker-qual/2.0.0/518929596ee3249127502a8573b2e008e2d51ed3/checker-qual-2.0.0.jar:/home/qpabe/.gradle/caches/modules-2/files-2.1/com.google.errorprone/error_prone_annotations/2.0.18/5f65affce1684999e2f4024983835efc3504012e/error_prone_annotations-2.0.18.jar:/home/qpabe/.gradle/caches/modules-2/files-2.1/com.google.j2objc/j2objc-annotations/1.1/ed28ded51a8b1c6b112568def5f4b455e6809019/j2objc-annotations-1.1.jar:/home/qpabe/.gradle/caches/modules-2/files-2.1/org.codehaus.mojo/animal-sniffer-annotations/1.14/775b7e22fb10026eed3f86e8dc556dfafe35f2d5/animal-sniffer-annotations-1.14.jar:/home/qpabe/.gradle/caches/modules-2/files-2.1/org.junit.platform/junit-platform-console/1.0.2/2bf2cd18040bfe229bad813c7ab150a0f7ea8153/junit-platform-console-1.0.2.jar"/>
<property name="java.class.version" value="52.0"/>
<property name="java.endorsed.dirs" value="/opt/oracle-jdk-bin-1.8.0.152/jre/lib/endorsed"/>
<property name="java.ext.dirs" value="/opt/oracle-jdk-bin-1.8.0.152/jre/lib/ext:/usr/java/packages/lib/ext"/>
<property name="java.home" value="/opt/oracle-jdk-bin-1.8.0.152/jre"/>
<property name="java.io.tmpdir" value="/tmp"/>
<property name="java.library.path" value="/usr/java/packages/lib/amd64:/usr/lib64:/lib64:/lib:/usr/lib"/>
<property name="java.runtime.name" value="Java(TM) SE Runtime Environment"/>
<property name="java.runtime.version" value="1.8.0_152-b16"/>
<property name="java.specification.name" value="Java Platform API Specification"/>
<property name="java.specification.vendor" value="Oracle Corporation"/>
<property name="java.specification.version" value="1.8"/>
<property name="java.vendor" value="Oracle Corporation"/>
<property name="java.vendor.url" value="http://java.oracle.com/"/>
<property name="java.vendor.url.bug" value="http://bugreport.sun.com/bugreport/"/>
<property name="java.version" value="1.8.0_152"/>
<property name="java.vm.info" value="mixed mode"/>
<property name="java.vm.name" value="Java HotSpot(TM) 64-Bit Server VM"/>
<property name="java.vm.specification.name" value="Java Virtual Machine Specification"/>
<property name="java.vm.specification.vendor" value="Oracle Corporation"/>
<property name="java.vm.specification.version" value="1.8"/>
<property name="java.vm.vendor" value="Oracle Corporation"/>
<property name="java.vm.version" value="25.152-b16"/>
<property name="line.separator" value="
"/>
<property name="os.arch" value="amd64"/>
<property name="os.name" value="Linux"/>
<property name="os.version" value="4.9.63"/>
<property name="path.separator" value=":"/>
<property name="sun.arch.data.model" value="64"/>
<property name="sun.boot.class.path" value="/opt/oracle-jdk-bin-1.8.0.152/jre/lib/resources.jar:/opt/oracle-jdk-bin-1.8.0.152/jre/lib/rt.jar:/opt/oracle-jdk-bin-1.8.0.152/jre/lib/sunrsasign.jar:/opt/oracle-jdk-bin-1.8.0.152/jre/lib/jsse.jar:/opt/oracle-jdk-bin-1.8.0.152/jre/lib/jce.jar:/opt/oracle-jdk-bin-1.8.0.152/jre/lib/charsets.jar:/opt/oracle-jdk-bin-1.8.0.152/jre/lib/jfr.jar:/opt/oracle-jdk-bin-1.8.0.152/jre/classes"/>
<property name="sun.boot.library.path" value="/opt/oracle-jdk-bin-1.8.0.152/jre/lib/amd64"/>
<property name="sun.cpu.endian" value="little"/>
<property name="sun.cpu.isalist" value=""/>
<property name="sun.io.unicode.encoding" value="UnicodeLittle"/>
<property name="sun.java.command" value="org.junit.platform.console.ConsoleLauncher --details NONE --scan-class-path /usr/local/src/dnam-functional-acceptance-tests/common/build/classes/java/main:/usr/local/src/dnam-functional-acceptance-tests/common/build/resources/main:/usr/local/src/dnam-functional-acceptance-tests/common/build/classes/java/test:/usr/local/src/dnam-functional-acceptance-tests/common/build/resources/test -n ^.*Tests?$ -e junit-jupiter -E junit-vintage --reports-dir /usr/local/src/dnam-functional-acceptance-tests/common/build/test-results/junit-platform"/>
<property name="sun.java.launcher" value="SUN_STANDARD"/>
<property name="sun.jnu.encoding" value="UTF-8"/>
<property name="sun.management.compiler" value="HotSpot 64-Bit Tiered Compilers"/>
<property name="sun.os.patch.level" value="unknown"/>
<property name="user.country" value="GB"/>
<property name="user.dir" value="/usr/local/src/dnam-functional-acceptance-tests/common"/>
<property name="user.home" value="/home/qpabe"/>
<property name="user.language" value="en"/>
<property name="user.name" value="pabe"/>
<property name="user.timezone" value="Europe/Stockholm"/>
<property name="user.variant" value=""/>
</properties>
<system-out><![CDATA[
unique-id: [engine:junit-jupiter]
display-name: JUnit Jupiter
]]></system-out>
</testsuite>
